<?xml version="1.0" encoding="UTF-8"?>
<testsuite xmlns:xsi="http://www.w3.org/2001/XMLSchema-instance" xsi:noNamespaceSchemaLocation="https://maven.apache.org/surefire/maven-surefire-plugin/xsd/surefire-test-report-3.0.xsd" version="3.0" name="Login" time="15.977" tests="4" errors="1" skipped="0" failures="0">
  <properties>
    <property name="java.specification.version" value="15"/>
    <property name="webdriver.chrome.driver" value="/Users/conorschmertz/.cache/selenium/chromedriver/mac64/100.0.4896.60/chromedriver"/>
    <property name="sun.jnu.encoding" value="UTF-8"/>
    <property name="java.class.path" value="/Users/conorschmertz/IdeaProjects/Methods/TransmudaCucumber/target/test-classes:/Users/conorschmertz/IdeaProjects/Methods/TransmudaCucumber/target/classes:/Users/conorschmertz/.m2/repository/io/cucumber/cucumber-java/6.10.3/cucumber-java-6.10.3.jar:/Users/conorschmertz/.m2/repository/io/cucumber/cucumber-core/6.10.3/cucumber-core-6.10.3.jar:/Users/conorschmertz/.m2/repository/io/cucumber/cucumber-gherkin/6.10.3/cucumber-gherkin-6.10.3.jar:/Users/conorschmertz/.m2/repository/io/cucumber/cucumber-gherkin-messages/6.10.3/cucumber-gherkin-messages-6.10.3.jar:/Users/conorschmertz/.m2/repository/io/cucumber/messages/15.0.0/messages-15.0.0.jar:/Users/conorschmertz/.m2/repository/io/cucumber/tag-expressions/3.0.1/tag-expressions-3.0.1.jar:/Users/conorschmertz/.m2/repository/io/cucumber/cucumber-expressions/10.3.0/cucumber-expressions-10.3.0.jar:/Users/conorschmertz/.m2/repository/io/cucumber/datatable/3.5.0/datatable-3.5.0.jar:/Users/conorschmertz/.m2/repository/io/cucumber/cucumber-plugin/6.10.3/cucumber-plugin-6.10.3.jar:/Users/conorschmertz/.m2/repository/io/cucumber/docstring/6.10.3/docstring-6.10.3.jar:/Users/conorschmertz/.m2/repository/io/cucumber/html-formatter/13.0.0/html-formatter-13.0.0.jar:/Users/conorschmertz/.m2/repository/io/cucumber/create-meta/4.0.0/create-meta-4.0.0.jar:/Users/conorschmertz/.m2/repository/org/apiguardian/apiguardian-api/1.1.1/apiguardian-api-1.1.1.jar:/Users/conorschmertz/.m2/repository/junit/junit/4.13.2/junit-4.13.2.jar:/Users/conorschmertz/.m2/repository/org/hamcrest/hamcrest-core/1.3/hamcrest-core-1.3.jar:/Users/conorschmertz/.m2/repository/io/cucumber/cucumber-junit/6.10.3/cucumber-junit-6.10.3.jar:/Users/conorschmertz/.m2/repository/org/seleniumhq/selenium/selenium-java/3.141.59/selenium-java-3.141.59.jar:/Users/conorschmertz/.m2/repository/org/seleniumhq/selenium/selenium-api/3.141.59/selenium-api-3.141.59.jar:/Users/conorschmertz/.m2/repository/org/seleniumhq/selenium/selenium-chrome-driver/3.141.59/selenium-chrome-driver-3.141.59.jar:/Users/conorschmertz/.m2/repository/org/seleniumhq/selenium/selenium-edge-driver/3.141.59/selenium-edge-driver-3.141.59.jar:/Users/conorschmertz/.m2/repository/org/seleniumhq/selenium/selenium-firefox-driver/3.141.59/selenium-firefox-driver-3.141.59.jar:/Users/conorschmertz/.m2/repository/org/seleniumhq/selenium/selenium-ie-driver/3.141.59/selenium-ie-driver-3.141.59.jar:/Users/conorschmertz/.m2/repository/org/seleniumhq/selenium/selenium-opera-driver/3.141.59/selenium-opera-driver-3.141.59.jar:/Users/conorschmertz/.m2/repository/org/seleniumhq/selenium/selenium-remote-driver/3.141.59/selenium-remote-driver-3.141.59.jar:/Users/conorschmertz/.m2/repository/org/seleniumhq/selenium/selenium-safari-driver/3.141.59/selenium-safari-driver-3.141.59.jar:/Users/conorschmertz/.m2/repository/org/seleniumhq/selenium/selenium-support/3.141.59/selenium-support-3.141.59.jar:/Users/conorschmertz/.m2/repository/net/bytebuddy/byte-buddy/1.8.15/byte-buddy-1.8.15.jar:/Users/conorschmertz/.m2/repository/org/apache/commons/commons-exec/1.3/commons-exec-1.3.jar:/Users/conorschmertz/.m2/repository/com/google/guava/guava/25.0-jre/guava-25.0-jre.jar:/Users/conorschmertz/.m2/repository/com/google/code/findbugs/jsr305/1.3.9/jsr305-1.3.9.jar:/Users/conorschmertz/.m2/repository/org/checkerframework/checker-compat-qual/2.0.0/checker-compat-qual-2.0.0.jar:/Users/conorschmertz/.m2/repository/com/google/errorprone/error_prone_annotations/2.1.3/error_prone_annotations-2.1.3.jar:/Users/conorschmertz/.m2/repository/com/google/j2objc/j2objc-annotations/1.1/j2objc-annotations-1.1.jar:/Users/conorschmertz/.m2/repository/org/codehaus/mojo/animal-sniffer-annotations/1.14/animal-sniffer-annotations-1.14.jar:/Users/conorschmertz/.m2/repository/com/squareup/okhttp3/okhttp/3.11.0/okhttp-3.11.0.jar:/Users/conorschmertz/.m2/repository/com/squareup/okio/okio/1.14.0/okio-1.14.0.jar:/Users/conorschmertz/.m2/repository/io/github/bonigarcia/webdrivermanager/4.4.0/webdrivermanager-4.4.0.jar:/Users/conorschmertz/.m2/repository/org/slf4j/slf4j-api/1.7.30/slf4j-api-1.7.30.jar:/Users/conorschmertz/.m2/repository/commons-io/commons-io/2.8.0/commons-io-2.8.0.jar:/Users/conorschmertz/.m2/repository/com/google/code/gson/gson/2.8.6/gson-2.8.6.jar:/Users/conorschmertz/.m2/repository/org/apache/commons/commons-lang3/3.12.0/commons-lang3-3.12.0.jar:/Users/conorschmertz/.m2/repository/org/apache/httpcomponents/client5/httpclient5/5.0.3/httpclient5-5.0.3.jar:/Users/conorschmertz/.m2/repository/org/apache/httpcomponents/core5/httpcore5/5.0.2/httpcore5-5.0.2.jar:/Users/conorschmertz/.m2/repository/org/apache/httpcomponents/core5/httpcore5-h2/5.0.2/httpcore5-h2-5.0.2.jar:/Users/conorschmertz/.m2/repository/commons-codec/commons-codec/1.13/commons-codec-1.13.jar:/Users/conorschmertz/.m2/repository/org/rauschig/jarchivelib/1.1.0/jarchivelib-1.1.0.jar:/Users/conorschmertz/.m2/repository/org/apache/commons/commons-compress/1.20/commons-compress-1.20.jar:/Users/conorschmertz/.m2/repository/org/jsoup/jsoup/1.13.1/jsoup-1.13.1.jar:/Users/conorschmertz/.m2/repository/com/github/javafaker/javafaker/1.0.2/javafaker-1.0.2.jar:/Users/conorschmertz/.m2/repository/org/yaml/snakeyaml/1.23/snakeyaml-1.23-android.jar:/Users/conorschmertz/.m2/repository/com/github/mifmif/generex/1.0.2/generex-1.0.2.jar:/Users/conorschmertz/.m2/repository/dk/brics/automaton/automaton/1.11-8/automaton-1.11-8.jar:"/>
    <property name="java.vm.vendor" value="Oracle Corporation"/>
    <property name="sun.arch.data.model" value="64"/>
    <property name="java.vendor.url" value="https://openjdk.java.net/"/>
    <property name="user.timezone" value="America/New_York"/>
    <property name="os.name" value="Mac OS X"/>
    <property name="java.vm.specification.version" value="15"/>
    <property name="sun.java.launcher" value="SUN_STANDARD"/>
    <property name="user.country" value="US"/>
    <property name="sun.boot.library.path" value="/usr/local/Cellar/openjdk/15.0.2/libexec/openjdk.jdk/Contents/Home/lib"/>
    <property name="sun.java.command" value="/Users/conorschmertz/IdeaProjects/Methods/TransmudaCucumber/target/surefire/surefirebooter2810808018989495495.jar /Users/conorschmertz/IdeaProjects/Methods/TransmudaCucumber/target/surefire 2022-04-21T21-44-31_148-jvmRun1 surefire16795307181925973966tmp surefire_03311910349637770666tmp"/>
    <property name="http.nonProxyHosts" value="local|*.local|169.254/16|*.169.254/16"/>
    <property name="jdk.debug" value="release"/>
    <property name="surefire.test.class.path" value="/Users/conorschmertz/IdeaProjects/Methods/TransmudaCucumber/target/test-classes:/Users/conorschmertz/IdeaProjects/Methods/TransmudaCucumber/target/classes:/Users/conorschmertz/.m2/repository/io/cucumber/cucumber-java/6.10.3/cucumber-java-6.10.3.jar:/Users/conorschmertz/.m2/repository/io/cucumber/cucumber-core/6.10.3/cucumber-core-6.10.3.jar:/Users/conorschmertz/.m2/repository/io/cucumber/cucumber-gherkin/6.10.3/cucumber-gherkin-6.10.3.jar:/Users/conorschmertz/.m2/repository/io/cucumber/cucumber-gherkin-messages/6.10.3/cucumber-gherkin-messages-6.10.3.jar:/Users/conorschmertz/.m2/repository/io/cucumber/messages/15.0.0/messages-15.0.0.jar:/Users/conorschmertz/.m2/repository/io/cucumber/tag-expressions/3.0.1/tag-expressions-3.0.1.jar:/Users/conorschmertz/.m2/repository/io/cucumber/cucumber-expressions/10.3.0/cucumber-expressions-10.3.0.jar:/Users/conorschmertz/.m2/repository/io/cucumber/datatable/3.5.0/datatable-3.5.0.jar:/Users/conorschmertz/.m2/repository/io/cucumber/cucumber-plugin/6.10.3/cucumber-plugin-6.10.3.jar:/Users/conorschmertz/.m2/repository/io/cucumber/docstring/6.10.3/docstring-6.10.3.jar:/Users/conorschmertz/.m2/repository/io/cucumber/html-formatter/13.0.0/html-formatter-13.0.0.jar:/Users/conorschmertz/.m2/repository/io/cucumber/create-meta/4.0.0/create-meta-4.0.0.jar:/Users/conorschmertz/.m2/repository/org/apiguardian/apiguardian-api/1.1.1/apiguardian-api-1.1.1.jar:/Users/conorschmertz/.m2/repository/junit/junit/4.13.2/junit-4.13.2.jar:/Users/conorschmertz/.m2/repository/org/hamcrest/hamcrest-core/1.3/hamcrest-core-1.3.jar:/Users/conorschmertz/.m2/repository/io/cucumber/cucumber-junit/6.10.3/cucumber-junit-6.10.3.jar:/Users/conorschmertz/.m2/repository/org/seleniumhq/selenium/selenium-java/3.141.59/selenium-java-3.141.59.jar:/Users/conorschmertz/.m2/repository/org/seleniumhq/selenium/selenium-api/3.141.59/selenium-api-3.141.59.jar:/Users/conorschmertz/.m2/repository/org/seleniumhq/selenium/selenium-chrome-driver/3.141.59/selenium-chrome-driver-3.141.59.jar:/Users/conorschmertz/.m2/repository/org/seleniumhq/selenium/selenium-edge-driver/3.141.59/selenium-edge-driver-3.141.59.jar:/Users/conorschmertz/.m2/repository/org/seleniumhq/selenium/selenium-firefox-driver/3.141.59/selenium-firefox-driver-3.141.59.jar:/Users/conorschmertz/.m2/repository/org/seleniumhq/selenium/selenium-ie-driver/3.141.59/selenium-ie-driver-3.141.59.jar:/Users/conorschmertz/.m2/repository/org/seleniumhq/selenium/selenium-opera-driver/3.141.59/selenium-opera-driver-3.141.59.jar:/Users/conorschmertz/.m2/repository/org/seleniumhq/selenium/selenium-remote-driver/3.141.59/selenium-remote-driver-3.141.59.jar:/Users/conorschmertz/.m2/repository/org/seleniumhq/selenium/selenium-safari-driver/3.141.59/selenium-safari-driver-3.141.59.jar:/Users/conorschmertz/.m2/repository/org/seleniumhq/selenium/selenium-support/3.141.59/selenium-support-3.141.59.jar:/Users/conorschmertz/.m2/repository/net/bytebuddy/byte-buddy/1.8.15/byte-buddy-1.8.15.jar:/Users/conorschmertz/.m2/repository/org/apache/commons/commons-exec/1.3/commons-exec-1.3.jar:/Users/conorschmertz/.m2/repository/com/google/guava/guava/25.0-jre/guava-25.0-jre.jar:/Users/conorschmertz/.m2/repository/com/google/code/findbugs/jsr305/1.3.9/jsr305-1.3.9.jar:/Users/conorschmertz/.m2/repository/org/checkerframework/checker-compat-qual/2.0.0/checker-compat-qual-2.0.0.jar:/Users/conorschmertz/.m2/repository/com/google/errorprone/error_prone_annotations/2.1.3/error_prone_annotations-2.1.3.jar:/Users/conorschmertz/.m2/repository/com/google/j2objc/j2objc-annotations/1.1/j2objc-annotations-1.1.jar:/Users/conorschmertz/.m2/repository/org/codehaus/mojo/animal-sniffer-annotations/1.14/animal-sniffer-annotations-1.14.jar:/Users/conorschmertz/.m2/repository/com/squareup/okhttp3/okhttp/3.11.0/okhttp-3.11.0.jar:/Users/conorschmertz/.m2/repository/com/squareup/okio/okio/1.14.0/okio-1.14.0.jar:/Users/conorschmertz/.m2/repository/io/github/bonigarcia/webdrivermanager/4.4.0/webdrivermanager-4.4.0.jar:/Users/conorschmertz/.m2/repository/org/slf4j/slf4j-api/1.7.30/slf4j-api-1.7.30.jar:/Users/conorschmertz/.m2/repository/commons-io/commons-io/2.8.0/commons-io-2.8.0.jar:/Users/conorschmertz/.m2/repository/com/google/code/gson/gson/2.8.6/gson-2.8.6.jar:/Users/conorschmertz/.m2/repository/org/apache/commons/commons-lang3/3.12.0/commons-lang3-3.12.0.jar:/Users/conorschmertz/.m2/repository/org/apache/httpcomponents/client5/httpclient5/5.0.3/httpclient5-5.0.3.jar:/Users/conorschmertz/.m2/repository/org/apache/httpcomponents/core5/httpcore5/5.0.2/httpcore5-5.0.2.jar:/Users/conorschmertz/.m2/repository/org/apache/httpcomponents/core5/httpcore5-h2/5.0.2/httpcore5-h2-5.0.2.jar:/Users/conorschmertz/.m2/repository/commons-codec/commons-codec/1.13/commons-codec-1.13.jar:/Users/conorschmertz/.m2/repository/org/rauschig/jarchivelib/1.1.0/jarchivelib-1.1.0.jar:/Users/conorschmertz/.m2/repository/org/apache/commons/commons-compress/1.20/commons-compress-1.20.jar:/Users/conorschmertz/.m2/repository/org/jsoup/jsoup/1.13.1/jsoup-1.13.1.jar:/Users/conorschmertz/.m2/repository/com/github/javafaker/javafaker/1.0.2/javafaker-1.0.2.jar:/Users/conorschmertz/.m2/repository/org/yaml/snakeyaml/1.23/snakeyaml-1.23-android.jar:/Users/conorschmertz/.m2/repository/com/github/mifmif/generex/1.0.2/generex-1.0.2.jar:/Users/conorschmertz/.m2/repository/dk/brics/automaton/automaton/1.11-8/automaton-1.11-8.jar:"/>
    <property name="sun.cpu.endian" value="little"/>
    <property name="user.home" value="/Users/conorschmertz"/>
    <property name="user.language" value="en"/>
    <property name="java.specification.vendor" value="Oracle Corporation"/>
    <property name="java.version.date" value="2021-01-19"/>
    <property name="java.home" value="/usr/local/Cellar/openjdk/15.0.2/libexec/openjdk.jdk/Contents/Home"/>
    <property name="file.separator" value="/"/>
    <property name="basedir" value="/Users/conorschmertz/IdeaProjects/Methods/TransmudaCucumber"/>
    <property name="java.vm.compressedOopsMode" value="Zero based"/>
    <property name="line.separator" value="&#10;"/>
    <property name="java.specification.name" value="Java Platform API Specification"/>
    <property name="java.vm.specification.vendor" value="Oracle Corporation"/>
    <property name="surefire.real.class.path" value="/Users/conorschmertz/IdeaProjects/Methods/TransmudaCucumber/target/surefire/surefirebooter2810808018989495495.jar"/>
    <property name="sun.management.compiler" value="HotSpot 64-Bit Tiered Compilers"/>
    <property name="ftp.nonProxyHosts" value="local|*.local|169.254/16|*.169.254/16"/>
    <property name="java.runtime.version" value="15.0.2+7"/>
    <property name="user.name" value="conorschmertz"/>
    <property name="path.separator" value=":"/>
    <property name="os.version" value="10.15.7"/>
    <property name="java.runtime.name" value="OpenJDK Runtime Environment"/>
    <property name="file.encoding" value="UTF-8"/>
    <property name="java.vm.name" value="OpenJDK 64-Bit Server VM"/>
    <property name="localRepository" value="/Users/conorschmertz/.m2/repository"/>
    <property name="java.vendor.url.bug" value="https://bugreport.java.com/bugreport/"/>
    <property name="java.io.tmpdir" value="/var/folders/sv/m6wyl3gd7fv387trf04_lx3c0000gn/T/"/>
    <property name="java.version" value="15.0.2"/>
    <property name="user.dir" value="/Users/conorschmertz/IdeaProjects/Methods/TransmudaCucumber"/>
    <property name="os.arch" value="x86_64"/>
    <property name="java.vm.specification.name" value="Java Virtual Machine Specification"/>
    <property name="java.library.path" value="/Users/conorschmertz/Library/Java/Extensions:/Library/Java/Extensions:/Network/Library/Java/Extensions:/System/Library/Java/Extensions:/usr/lib/java:."/>
    <property name="java.vm.info" value="mixed mode, sharing"/>
    <property name="java.vendor" value="N/A"/>
    <property name="java.vm.version" value="15.0.2+7"/>
    <property name="sun.io.unicode.encoding" value="UnicodeBig"/>
    <property name="socksNonProxyHosts" value="local|*.local|169.254/16|*.169.254/16"/>
    <property name="java.class.version" value="59.0"/>
  </properties>
  <testcase name="Login as manager" classname="Login" time="6.946">
    <error message="Session ID is null. Using WebDriver after calling quit()?&#10;Build info: version: &apos;3.141.59&apos;, revision: &apos;e82be7d358&apos;, time: &apos;2018-11-14T08:17:03&apos;&#10;System info: host: &apos;conor-schmertzs-macbook-pro.local&apos;, ip: &apos;fe80:0:0:0:8d5:77c7:9129:bd86%en0&apos;, os.name: &apos;Mac OS X&apos;, os.arch: &apos;x86_64&apos;, os.version: &apos;10.15.7&apos;, java.version: &apos;15.0.2&apos;&#10;Driver info: driver.version: RemoteWebDriver" type="org.openqa.selenium.NoSuchSessionException"><![CDATA[org.openqa.selenium.NoSuchSessionException: 
Session ID is null. Using WebDriver after calling quit()?
Build info: version: '3.141.59', revision: 'e82be7d358', time: '2018-11-14T08:17:03'
System info: host: 'conor-schmertzs-macbook-pro.local', ip: 'fe80:0:0:0:8d5:77c7:9129:bd86%en0', os.name: 'Mac OS X', os.arch: 'x86_64', os.version: '10.15.7', java.version: '15.0.2'
Driver info: driver.version: RemoteWebDriver
]]></error>
    <system-out><![CDATA[
@successful_login_manager
Scenario: Login as manager                           &amp#27;[90m# src/test/resources/features/Login.feature:8&amp#27;[0m
-----> Before annotation: Setting up browser
  &amp#27;[32mGiven &amp#27;[0m&amp#27;[32muser is on login page&amp#27;[0m                        &amp#27;[90m# com.Transmuda.step_definitions.LoginStepDefinitions.userIsOnLoginPage()&amp#27;[0m
  &amp#27;[32mWhen &amp#27;[0m&amp#27;[32muser logs in as manager&amp#27;[0m                       &amp#27;[90m# com.Transmuda.step_definitions.LoginStepDefinitions.userLogsInAsManager()&amp#27;[0m
  &amp#27;[31mThen &amp#27;[0m&amp#27;[31muser should be signed in and see the homepage&amp#27;[0m &amp#27;[90m# com.Transmuda.step_definitions.LoginStepDefinitions.userShouldBeSignedInAndSeeTheHomepage()&amp#27;[0m
      &amp#27;[31morg.openqa.selenium.NoSuchSessionException: Session ID is null. Using WebDriver after calling quit()?
Build info: version: '3.141.59', revision: 'e82be7d358', time: '2018-11-14T08:17:03'
System info: host: 'conor-schmertzs-macbook-pro.local', ip: 'fe80:0:0:0:8d5:77c7:9129:bd86%en0', os.name: 'Mac OS X', os.arch: 'x86_64', os.version: '10.15.7', java.version: '15.0.2'
Driver info: driver.version: RemoteWebDriver
	at org.openqa.selenium.remote.HttpCommandExecutor.execute(HttpCommandExecutor.java:125)
	at org.openqa.selenium.remote.service.DriverCommandExecutor.execute(DriverCommandExecutor.java:83)
	at org.openqa.selenium.remote.RemoteWebDriver.execute(RemoteWebDriver.java:552)
	at org.openqa.selenium.remote.RemoteWebDriver.findElement(RemoteWebDriver.java:323)
	at org.openqa.selenium.remote.RemoteWebDriver.findElementByCssSelector(RemoteWebDriver.java:420)
	at org.openqa.selenium.By$ByCssSelector.findElement(By.java:431)
	at org.openqa.selenium.remote.RemoteWebDriver.findElement(RemoteWebDriver.java:315)
	at org.openqa.selenium.support.pagefactory.DefaultElementLocator.findElement(DefaultElementLocator.java:69)
	at org.openqa.selenium.support.pagefactory.internal.LocatingElementHandler.invoke(LocatingElementHandler.java:38)
	at com.sun.proxy.$Proxy19.isDisplayed(Unknown Source)
	at org.openqa.selenium.support.ui.ExpectedConditions.elementIfVisible(ExpectedConditions.java:314)
	at org.openqa.selenium.support.ui.ExpectedConditions.access$000(ExpectedConditions.java:43)
	at org.openqa.selenium.support.ui.ExpectedConditions$10.apply(ExpectedConditions.java:300)
	at org.openqa.selenium.support.ui.ExpectedConditions$10.apply(ExpectedConditions.java:297)
	at org.openqa.selenium.support.ui.FluentWait.until(FluentWait.java:249)
	at com.Transmuda.utilities.BrowserUtils.waitForVisibility(BrowserUtils.java:117)
	at com.Transmuda.step_definitions.LoginStepDefinitions.userShouldBeSignedInAndSeeTheHomepage(LoginStepDefinitions.java:45)
	at ✽.user should be signed in and see the homepage(file:///Users/conorschmertz/IdeaProjects/Methods/TransmudaCucumber/src/test/resources/features/Login.feature:10)
&amp#27;[0m

    Embedding Login as manager [image/png 19438 bytes]

]]></system-out>
    <system-err><![CDATA[SLF4J: Failed to load class "org.slf4j.impl.StaticLoggerBinder".
SLF4J: Defaulting to no-operation (NOP) logger implementation
SLF4J: See http://www.slf4j.org/codes.html#StaticLoggerBinder for further details.
Starting ChromeDriver 100.0.4896.60 (6a5d10861ce8de5fce22564658033b43cb7de047-refs/branch-heads/4896@{#875}) on port 45281
Only local connections are allowed.
Please see https://chromedriver.chromium.org/security-considerations for suggestions on keeping ChromeDriver safe.
ChromeDriver was started successfully.
Apr 21, 2022 9:44:34 PM org.openqa.selenium.remote.ProtocolHandshake createSession
INFO: Detected dialect: W3C
Starting ChromeDriver 100.0.4896.60 (6a5d10861ce8de5fce22564658033b43cb7de047-refs/branch-heads/4896@{#875}) on port 47318
Only local connections are allowed.
Please see https://chromedriver.chromium.org/security-considerations for suggestions on keeping ChromeDriver safe.
ChromeDriver was started successfully.
Apr 21, 2022 9:44:38 PM org.openqa.selenium.remote.ProtocolHandshake createSession
INFO: Detected dialect: W3C
]]></system-err>
  </testcase>
  <testcase name="Login as driver" classname="Login" time="2.94">
    <system-out><![CDATA[
@successful_login_driver
Scenario: Login as driver                            &amp#27;[90m# src/test/resources/features/Login.feature:13&amp#27;[0m
-----> Before annotation: Setting up browser
  &amp#27;[32mGiven &amp#27;[0m&amp#27;[32muser is on login page&amp#27;[0m                        &amp#27;[90m# com.Transmuda.step_definitions.LoginStepDefinitions.userIsOnLoginPage()&amp#27;[0m
  &amp#27;[32mWhen &amp#27;[0m&amp#27;[32muser logs in as driver&amp#27;[0m                        &amp#27;[90m# com.Transmuda.step_definitions.LoginStepDefinitions.userLogsInAsDriver()&amp#27;[0m
  &amp#27;[32mThen &amp#27;[0m&amp#27;[32muser should be signed in and see the homepage&amp#27;[0m &amp#27;[90m# com.Transmuda.step_definitions.LoginStepDefinitions.userShouldBeSignedInAndSeeTheHomepage()&amp#27;[0m
]]></system-out>
    <system-err><![CDATA[Starting ChromeDriver 100.0.4896.60 (6a5d10861ce8de5fce22564658033b43cb7de047-refs/branch-heads/4896@{#875}) on port 2757
Only local connections are allowed.
Please see https://chromedriver.chromium.org/security-considerations for suggestions on keeping ChromeDriver safe.
ChromeDriver was started successfully.
Apr 21, 2022 9:44:40 PM org.openqa.selenium.remote.ProtocolHandshake createSession
INFO: Detected dialect: W3C
]]></system-err>
  </testcase>
  <testcase name="Login under different credentials as user157" classname="Login" time="2.956">
    <system-out><![CDATA[
@successful_login
Scenario Outline: Login under different credentials as user157 &amp#27;[90m# src/test/resources/features/Login.feature:24&amp#27;[0m
-----> Before annotation: Setting up browser
  &amp#27;[32mGiven &amp#27;[0m&amp#27;[32muser is on login page&amp#27;[0m                                  &amp#27;[90m# com.Transmuda.step_definitions.LoginStepDefinitions.userIsOnLoginPage()&amp#27;[0m
  &amp#27;[32mWhen &amp#27;[0m&amp#27;[32muser enters &amp#27;[0m&amp#27;[32m&amp#27;[1m"user157"&amp#27;[0m&amp#27;[32m and &amp#27;[0m&amp#27;[32m&amp#27;[1m"UserUser123"&amp#27;[0m                 &amp#27;[90m# com.Transmuda.step_definitions.LoginStepDefinitions.userEntersAnd(java.lang.String,java.lang.String)&amp#27;[0m
  &amp#27;[32mThen &amp#27;[0m&amp#27;[32muser should be signed in and see the homepage&amp#27;[0m           &amp#27;[90m# com.Transmuda.step_definitions.LoginStepDefinitions.userShouldBeSignedInAndSeeTheHomepage()&amp#27;[0m
]]></system-out>
    <system-err><![CDATA[Starting ChromeDriver 100.0.4896.60 (6a5d10861ce8de5fce22564658033b43cb7de047-refs/branch-heads/4896@{#875}) on port 29134
Only local connections are allowed.
Please see https://chromedriver.chromium.org/security-considerations for suggestions on keeping ChromeDriver safe.
ChromeDriver was started successfully.
Apr 21, 2022 9:44:43 PM org.openqa.selenium.remote.ProtocolHandshake createSession
INFO: Detected dialect: W3C
]]></system-err>
  </testcase>
  <testcase name="Login under different credentials as User7" classname="Login" time="3.135">
    <system-out><![CDATA[
@successful_login
Scenario Outline: Login under different credentials as User7 &amp#27;[90m# src/test/resources/features/Login.feature:25&amp#27;[0m
-----> Before annotation: Setting up browser
  &amp#27;[32mGiven &amp#27;[0m&amp#27;[32muser is on login page&amp#27;[0m                                &amp#27;[90m# com.Transmuda.step_definitions.LoginStepDefinitions.userIsOnLoginPage()&amp#27;[0m
  &amp#27;[32mWhen &amp#27;[0m&amp#27;[32muser enters &amp#27;[0m&amp#27;[32m&amp#27;[1m"User7"&amp#27;[0m&amp#27;[32m and &amp#27;[0m&amp#27;[32m&amp#27;[1m"UserUser123"&amp#27;[0m                 &amp#27;[90m# com.Transmuda.step_definitions.LoginStepDefinitions.userEntersAnd(java.lang.String,java.lang.String)&amp#27;[0m
  &amp#27;[32mThen &amp#27;[0m&amp#27;[32muser should be signed in and see the homepage&amp#27;[0m         &amp#27;[90m# com.Transmuda.step_definitions.LoginStepDefinitions.userShouldBeSignedInAndSeeTheHomepage()&amp#27;[0m
]]></system-out>
    <system-err><![CDATA[Starting ChromeDriver 100.0.4896.60 (6a5d10861ce8de5fce22564658033b43cb7de047-refs/branch-heads/4896@{#875}) on port 40872
Only local connections are allowed.
Please see https://chromedriver.chromium.org/security-considerations for suggestions on keeping ChromeDriver safe.
ChromeDriver was started successfully.
Apr 21, 2022 9:44:46 PM org.openqa.selenium.remote.ProtocolHandshake createSession
INFO: Detected dialect: W3C
]]></system-err>
  </testcase>
</testsuite>